Seq	Host	Starttime	JobRuntime	Send	Receive	Exitval	Signal	Command
1	:	1753909176.060	     0.028	0	59	1	0	./src/run_occurrence_script.sh PV8908801Cyanotisnyctitropa\ \"Cyanotisnyctitropa\"
2	:	1753909176.723	     0.066	0	59	1	0	./src/run_occurrence_script.sh PV8908801Cyanotisnyctitropa\ \"Cyanotis\ nyctitropa\"
3	:	1753909177.349	     0.092	0	59	1	0	./src/run_occurrence_script.sh PV9487281Euonymuschloranthoides\ \"Euonymuschloranthoides\"
4	:	1753909178.022	     0.105	0	59	1	0	./src/run_occurrence_script.sh PV9487281Euonymuschloranthoides\ \"Euonymus\ chloranthoides\"
5	:	1753909178.685	     0.107	0	59	1	0	./src/run_occurrence_script.sh PV9629301Cardamineleucantha\ \"Cardamineleucantha\"
6	:	1753909179.383	     0.118	0	59	1	0	./src/run_occurrence_script.sh PV9629301Cardamineleucantha\ \"Cardamine\ leucantha\"
7	:	1753909180.027	     0.114	0	59	1	0	./src/run_occurrence_script.sh PQ6114591Polygonatumkingianum\ \"Polygonatumkingianum\"
8	:	1753909180.663	     0.107	0	59	1	0	./src/run_occurrence_script.sh PQ6114591Polygonatumkingianum\ \"Polygonatum\ kingianum\"
9	:	1753909181.360	     0.118	0	59	1	0	./src/run_occurrence_script.sh PQ6114581Polygonatumkingianum\ \"Polygonatumkingianum\"
10	:	1753909182.014	     0.116	0	59	1	0	./src/run_occurrence_script.sh PQ6114581Polygonatumkingianum\ \"Polygonatum\ kingianum\"
11	:	1753909182.659	     0.110	0	59	1	0	./src/run_occurrence_script.sh PQ6114571Polygonatumkingianum\ \"Polygonatumkingianum\"
12	:	1753909183.284	     0.111	0	59	1	0	./src/run_occurrence_script.sh PQ6114571Polygonatumkingianum\ \"Polygonatum\ kingianum\"
13	:	1753909183.988	     0.119	0	59	1	0	./src/run_occurrence_script.sh PV1124521Taxussumatrana\ \"Taxussumatrana\"
14	:	1753909184.637	     0.110	0	59	1	0	./src/run_occurrence_script.sh PV1124521Taxussumatrana\ \"Taxus\ sumatrana\"
15	:	1753909185.265	     0.112	0	59	1	0	./src/run_occurrence_script.sh OM2564841Pygeummacrocarpum\ \"Pygeummacrocarpum\"
16	:	1753909185.885	     0.107	0	59	1	0	./src/run_occurrence_script.sh OM2564841Pygeummacrocarpum\ \"Pygeum\ macrocarpum\"
17	:	1753909186.583	     0.118	0	59	1	0	./src/run_occurrence_script.sh PV9303771Forsythiasuspensa\ \"Forsythiasuspensa\"
18	:	1753909187.232	     0.116	0	59	1	0	./src/run_occurrence_script.sh PV9303771Forsythiasuspensa\ \"Forsythia\ suspensa\"
19	:	1753909187.865	     0.108	0	59	1	0	./src/run_occurrence_script.sh PV9170831Artocarpusaltilis\ \"Artocarpusaltilis\"
20	:	1753909188.572	     0.118	0	59	1	0	./src/run_occurrence_script.sh PV9170831Artocarpusaltilis\ \"Artocarpus\ altilis\"
21	:	1753909189.230	     0.115	0	59	1	0	./src/run_occurrence_script.sh PV9257581Melocalamusarrectus\ \"Melocalamusarrectus\"
22	:	1753909189.877	     0.109	0	59	1	0	./src/run_occurrence_script.sh PV9257581Melocalamusarrectus\ \"Melocalamus\ arrectus\"
23	:	1753909190.518	     0.113	0	59	1	0	./src/run_occurrence_script.sh PV9298221Distyliumelaeagnoides\ \"Distyliumelaeagnoides\"
24	:	1753909191.227	     0.118	0	59	1	0	./src/run_occurrence_script.sh PV9298221Distyliumelaeagnoides\ \"Distylium\ elaeagnoides\"
25	:	1753909191.874	     0.111	0	59	1	0	./src/run_occurrence_script.sh PV9298211Distyliummyricoides\ \"Distyliummyricoides\"
26	:	1753909192.508	     0.114	0	59	1	0	./src/run_occurrence_script.sh PV9298211Distyliummyricoides\ \"Distylium\ myricoides\"
27	:	1753909193.133	     0.111	0	59	1	0	./src/run_occurrence_script.sh PV9160381Liliumsp\ \"Liliumsp\"
28	:	1753909193.825	     0.112	0	59	1	0	./src/run_occurrence_script.sh PV9160381Liliumsp\ \"Lilium\ sp.\ ZB-2025a\"
29	:	1753909194.467	     0.115	0	59	1	0	./src/run_occurrence_script.sh PV9152001Hygrophilapolysperma\ \"Hygrophilapolysperma\"
30	:	1753909195.098	     0.112	0	59	1	0	./src/run_occurrence_script.sh PV9152001Hygrophilapolysperma\ \"Hygrophila\ polysperma\"
31	:	1753909195.811	     0.113	0	59	1	0	./src/run_occurrence_script.sh PV9151991Camelliasinensis\ \"Camelliasinensis\"
32	:	1753909196.464	     0.117	0	59	1	0	./src/run_occurrence_script.sh PV9151991Camelliasinensis\ \"Camellia\ sinensis\"
33	:	1753909197.098	     0.113	0	59	1	0	./src/run_occurrence_script.sh PV9151981Camelliasinensis\ \"Camelliasinensis\"
34	:	1753909197.725	     0.107	0	59	1	0	./src/run_occurrence_script.sh PV9151981Camelliasinensis\ \"Camellia\ sinensis\"
35	:	1753909198.426	     0.118	0	59	1	0	./src/run_occurrence_script.sh PV9151971Camelliasinensis\ \"Camelliasinensis\"
36	:	1753909199.080	     0.116	0	59	1	0	./src/run_occurrence_script.sh PV9151971Camelliasinensis\ \"Camellia\ sinensis\"
37	:	1753909199.845	     0.101	0	59	1	0	./src/run_occurrence_script.sh PV9151961Camelliasinensis\ \"Camelliasinensis\"
38	:	1753909200.501	     0.111	0	59	1	0	./src/run_occurrence_script.sh PV9151961Camelliasinensis\ \"Camellia\ sinensis\"
39	:	1753909201.203	     0.118	0	59	1	0	./src/run_occurrence_script.sh PV9151951Phaseolusvulgaris\ \"Phaseolusvulgaris\"
40	:	1753909201.852	     0.111	0	59	1	0	./src/run_occurrence_script.sh PV9151951Phaseolusvulgaris\ \"Phaseolus\ vulgaris\"
41	:	1753909202.481	     0.111	0	59	1	0	./src/run_occurrence_script.sh PV9364461Fritillariataipaiensis\ \"Fritillariataipaiensis\"
42	:	1753909203.186	     0.117	0	59	1	0	./src/run_occurrence_script.sh PV9364461Fritillariataipaiensis\ \"Fritillaria\ taipaiensis\"
43	:	1753909203.843	     0.113	0	59	1	0	./src/run_occurrence_script.sh PV8823861Phoenixdactylifera\ \"Phoenixdactylifera\"
1	:	1753909438.996	     0.003	0	59	1	0	./src/run_occurrence_script.sh PV8908801Cyanotisnyctitropa\ \"Cyanotisnyctitropa\"
2	:	1753909439.629	     0.068	0	59	1	0	./src/run_occurrence_script.sh PV8908801Cyanotisnyctitropa\ \"Cyanotis\ nyctitropa\"
3	:	1753909440.248	     0.088	0	59	1	0	./src/run_occurrence_script.sh PV9487281Euonymuschloranthoides\ \"Euonymuschloranthoides\"
4	:	1753909440.886	     0.097	0	59	1	0	./src/run_occurrence_script.sh PV9487281Euonymuschloranthoides\ \"Euonymus\ chloranthoides\"
5	:	1753909441.535	     0.105	0	59	1	0	./src/run_occurrence_script.sh PV9629301Cardamineleucantha\ \"Cardamineleucantha\"
6	:	1753909442.224	     0.111	0	59	1	0	./src/run_occurrence_script.sh PV9629301Cardamineleucantha\ \"Cardamine\ leucantha\"
7	:	1753909442.863	     0.107	0	59	1	0	./src/run_occurrence_script.sh PQ6114591Polygonatumkingianum\ \"Polygonatumkingianum\"
8	:	1753909443.486	     0.108	0	59	1	0	./src/run_occurrence_script.sh PQ6114591Polygonatumkingianum\ \"Polygonatum\ kingianum\"
9	:	1753909444.180	     0.112	0	59	1	0	./src/run_occurrence_script.sh PQ6114581Polygonatumkingianum\ \"Polygonatumkingianum\"
10	:	1753909444.827	     0.109	0	59	1	0	./src/run_occurrence_script.sh PQ6114581Polygonatumkingianum\ \"Polygonatum\ kingianum\"
11	:	1753909445.456	     0.109	0	59	1	0	./src/run_occurrence_script.sh PQ6114571Polygonatumkingianum\ \"Polygonatumkingianum\"
12	:	1753909446.075	     0.105	0	59	1	0	./src/run_occurrence_script.sh PQ6114571Polygonatumkingianum\ \"Polygonatum\ kingianum\"
13	:	1753909446.772	     0.109	0	59	1	0	./src/run_occurrence_script.sh PV1124521Taxussumatrana\ \"Taxussumatrana\"
14	:	1753909447.405	     0.111	0	59	1	0	./src/run_occurrence_script.sh PV1124521Taxussumatrana\ \"Taxus\ sumatrana\"
15	:	1753909448.028	     0.107	0	59	1	0	./src/run_occurrence_script.sh OM2564841Pygeummacrocarpum\ \"Pygeummacrocarpum\"
16	:	1753909448.733	     0.112	0	59	1	0	./src/run_occurrence_script.sh OM2564841Pygeummacrocarpum\ \"Pygeum\ macrocarpum\"
17	:	1753909449.378	     0.112	0	59	1	0	./src/run_occurrence_script.sh PV9303771Forsythiasuspensa\ \"Forsythiasuspensa\"
18	:	1753909450.022	     0.110	0	59	1	0	./src/run_occurrence_script.sh PV9303771Forsythiasuspensa\ \"Forsythia\ suspensa\"
19	:	1753909450.644	     0.105	0	59	1	0	./src/run_occurrence_script.sh PV9170831Artocarpusaltilis\ \"Artocarpusaltilis\"
20	:	1753909451.343	     0.114	0	59	1	0	./src/run_occurrence_script.sh PV9170831Artocarpusaltilis\ \"Artocarpus\ altilis\"
21	:	1753909451.991	     0.111	0	59	1	0	./src/run_occurrence_script.sh PV9257581Melocalamusarrectus\ \"Melocalamusarrectus\"
22	:	1753909452.627	     0.106	0	59	1	0	./src/run_occurrence_script.sh PV9257581Melocalamusarrectus\ \"Melocalamus\ arrectus\"
23	:	1753909453.327	     0.116	0	59	1	0	./src/run_occurrence_script.sh PV9298221Distyliumelaeagnoides\ \"Distyliumelaeagnoides\"
24	:	1753909453.984	     0.114	0	59	1	0	./src/run_occurrence_script.sh PV9298221Distyliumelaeagnoides\ \"Distylium\ elaeagnoides\"
25	:	1753909454.626	     0.108	0	59	1	0	./src/run_occurrence_script.sh PV9298211Distyliummyricoides\ \"Distyliummyricoides\"
26	:	1753909455.253	     0.108	0	59	1	0	./src/run_occurrence_script.sh PV9298211Distyliummyricoides\ \"Distylium\ myricoides\"
27	:	1753909455.960	     0.115	0	59	1	0	./src/run_occurrence_script.sh PV9160381Liliumsp\ \"Liliumsp\"
28	:	1753909456.601	     0.108	0	59	1	0	./src/run_occurrence_script.sh PV9160381Liliumsp\ \"Lilium\ sp.\ ZB-2025a\"
29	:	1753909457.234	     0.110	0	59	1	0	./src/run_occurrence_script.sh PV9152001Hygrophilapolysperma\ \"Hygrophilapolysperma\"
30	:	1753909457.860	     0.105	0	59	1	0	./src/run_occurrence_script.sh PV9152001Hygrophilapolysperma\ \"Hygrophila\ polysperma\"
31	:	1753909458.559	     0.115	0	59	1	0	./src/run_occurrence_script.sh PV9151991Camelliasinensis\ \"Camelliasinensis\"
32	:	1753909459.201	     0.111	0	59	1	0	./src/run_occurrence_script.sh PV9151991Camelliasinensis\ \"Camellia\ sinensis\"
33	:	1753909459.831	     0.105	0	59	1	0	./src/run_occurrence_script.sh PV9151981Camelliasinensis\ \"Camelliasinensis\"
34	:	1753909460.449	     0.107	0	59	1	0	./src/run_occurrence_script.sh PV9151981Camelliasinensis\ \"Camellia\ sinensis\"
35	:	1753909461.150	     0.112	0	59	1	0	./src/run_occurrence_script.sh PV9151971Camelliasinensis\ \"Camelliasinensis\"
36	:	1753909461.794	     0.109	0	59	1	0	./src/run_occurrence_script.sh PV9151971Camelliasinensis\ \"Camellia\ sinensis\"
37	:	1753909462.422	     0.110	0	59	1	0	./src/run_occurrence_script.sh PV9151961Camelliasinensis\ \"Camelliasinensis\"
38	:	1753909463.126	     0.115	0	59	1	0	./src/run_occurrence_script.sh PV9151961Camelliasinensis\ \"Camellia\ sinensis\"
39	:	1753909463.778	     0.109	0	59	1	0	./src/run_occurrence_script.sh PV9151951Phaseolusvulgaris\ \"Phaseolusvulgaris\"
40	:	1753909464.413	     0.110	0	59	1	0	./src/run_occurrence_script.sh PV9151951Phaseolusvulgaris\ \"Phaseolus\ vulgaris\"
41	:	1753909465.040	     0.108	0	59	1	0	./src/run_occurrence_script.sh PV9364461Fritillariataipaiensis\ \"Fritillariataipaiensis\"
42	:	1753909465.738	     0.111	0	59	1	0	./src/run_occurrence_script.sh PV9364461Fritillariataipaiensis\ \"Fritillaria\ taipaiensis\"
43	:	1753909466.385	     0.111	0	59	1	0	./src/run_occurrence_script.sh PV8823861Phoenixdactylifera\ \"Phoenixdactylifera\"
1	:	1753909523.853	     0.003	0	59	1	0	./src/run_occurrence_script.sh PV8908801Cyanotisnyctitropa\ \"Cyanotisnyctitropa\"
2	:	1753909524.501	     0.067	0	59	1	0	./src/run_occurrence_script.sh PV8908801Cyanotisnyctitropa\ \"Cyanotis\ nyctitropa\"
3	:	1753909525.125	     0.086	0	59	1	0	./src/run_occurrence_script.sh PV9487281Euonymuschloranthoides\ \"Euonymuschloranthoides\"
4	:	1753909525.769	     0.096	0	59	1	0	./src/run_occurrence_script.sh PV9487281Euonymuschloranthoides\ \"Euonymus\ chloranthoides\"
1	:	1753909578.330	     0.004	0	59	1	0	./src/run_occurrence_script.sh PV8908801Cyanotisnyctitropa\ \"Cyanotisnyctitropa\"
2	:	1753909578.972	     0.066	0	59	1	0	./src/run_occurrence_script.sh PV8908801Cyanotisnyctitropa\ \"Cyanotis\ nyctitropa\"
3	:	1753909579.594	     0.084	0	59	1	0	./src/run_occurrence_script.sh PV9487281Euonymuschloranthoides\ \"Euonymuschloranthoides\"
4	:	1753909580.262	     0.099	0	59	1	0	./src/run_occurrence_script.sh PV9487281Euonymuschloranthoides\ \"Euonymus\ chloranthoides\"
5	:	1753909580.917	     0.105	0	59	1	0	./src/run_occurrence_script.sh PV9629301Cardamineleucantha\ \"Cardamineleucantha\"
6	:	1753909581.618	     0.109	0	59	1	0	./src/run_occurrence_script.sh PV9629301Cardamineleucantha\ \"Cardamine\ leucantha\"
7	:	1753909582.251	     0.110	0	59	1	0	./src/run_occurrence_script.sh PQ6114591Polygonatumkingianum\ \"Polygonatumkingianum\"
8	:	1753909582.875	     0.105	0	59	1	0	./src/run_occurrence_script.sh PQ6114591Polygonatumkingianum\ \"Polygonatum\ kingianum\"
9	:	1753909583.573	     0.114	0	59	1	0	./src/run_occurrence_script.sh PQ6114581Polygonatumkingianum\ \"Polygonatumkingianum\"
10	:	1753909584.217	     0.111	0	59	1	0	./src/run_occurrence_script.sh PQ6114581Polygonatumkingianum\ \"Polygonatum\ kingianum\"
11	:	1753909584.839	     0.107	0	59	1	0	./src/run_occurrence_script.sh PQ6114571Polygonatumkingianum\ \"Polygonatumkingianum\"
12	:	1753909585.546	     0.115	0	59	1	0	./src/run_occurrence_script.sh PQ6114571Polygonatumkingianum\ \"Polygonatum\ kingianum\"
13	:	1753909586.203	     0.113	0	59	1	0	./src/run_occurrence_script.sh PV1124521Taxussumatrana\ \"Taxussumatrana\"
14	:	1753909586.841	     0.109	0	59	1	0	./src/run_occurrence_script.sh PV1124521Taxussumatrana\ \"Taxus\ sumatrana\"
15	:	1753909587.466	     0.110	0	59	1	0	./src/run_occurrence_script.sh OM2564841Pygeummacrocarpum\ \"Pygeummacrocarpum\"
16	:	1753909588.077	     0.106	0	59	1	0	./src/run_occurrence_script.sh OM2564841Pygeummacrocarpum\ \"Pygeum\ macrocarpum\"
17	:	1753909588.766	     0.109	0	59	1	0	./src/run_occurrence_script.sh PV9303771Forsythiasuspensa\ \"Forsythiasuspensa\"
18	:	1753909589.412	     0.110	0	59	1	0	./src/run_occurrence_script.sh PV9303771Forsythiasuspensa\ \"Forsythia\ suspensa\"
19	:	1753909590.034	     0.108	0	59	1	0	./src/run_occurrence_script.sh PV9170831Artocarpusaltilis\ \"Artocarpusaltilis\"
20	:	1753909590.753	     0.111	0	59	1	0	./src/run_occurrence_script.sh PV9170831Artocarpusaltilis\ \"Artocarpus\ altilis\"
21	:	1753909591.392	     0.111	0	59	1	0	./src/run_occurrence_script.sh PV9257581Melocalamusarrectus\ \"Melocalamusarrectus\"
22	:	1753909592.024	     0.110	0	59	1	0	./src/run_occurrence_script.sh PV9257581Melocalamusarrectus\ \"Melocalamus\ arrectus\"
23	:	1753909592.657	     0.105	0	59	1	0	./src/run_occurrence_script.sh PV9298221Distyliumelaeagnoides\ \"Distyliumelaeagnoides\"
24	:	1753909593.343	     0.113	0	59	1	0	./src/run_occurrence_script.sh PV9298221Distyliumelaeagnoides\ \"Distylium\ elaeagnoides\"
25	:	1753909593.974	     0.111	0	59	1	0	./src/run_occurrence_script.sh PV9298211Distyliummyricoides\ \"Distyliummyricoides\"
26	:	1753909594.603	     0.105	0	59	1	0	./src/run_occurrence_script.sh PV9298211Distyliummyricoides\ \"Distylium\ myricoides\"
27	:	1753909595.306	     0.114	0	59	1	0	./src/run_occurrence_script.sh PV9160381Liliumsp\ \"Liliumsp\"
28	:	1753909595.958	     0.111	0	59	1	0	./src/run_occurrence_script.sh PV9160381Liliumsp\ \"Lilium\ sp.\ ZB-2025a\"
29	:	1753909596.594	     0.106	0	59	1	0	./src/run_occurrence_script.sh PV9152001Hygrophilapolysperma\ \"Hygrophilapolysperma\"
30	:	1753909597.207	     0.106	0	59	1	0	./src/run_occurrence_script.sh PV9152001Hygrophilapolysperma\ \"Hygrophila\ polysperma\"
31	:	1753909597.908	     0.114	0	59	1	0	./src/run_occurrence_script.sh PV9151991Camelliasinensis\ \"Camelliasinensis\"
32	:	1753909598.549	     0.108	0	59	1	0	./src/run_occurrence_script.sh PV9151991Camelliasinensis\ \"Camellia\ sinensis\"
33	:	1753909599.212	     0.110	0	59	1	0	./src/run_occurrence_script.sh PV9151981Camelliasinensis\ \"Camelliasinensis\"
34	:	1753909599.834	     0.104	0	59	1	0	./src/run_occurrence_script.sh PV9151981Camelliasinensis\ \"Camellia\ sinensis\"
35	:	1753909600.525	     0.111	0	59	1	0	./src/run_occurrence_script.sh PV9151971Camelliasinensis\ \"Camelliasinensis\"
36	:	1753909601.165	     0.111	0	59	1	0	./src/run_occurrence_script.sh PV9151971Camelliasinensis\ \"Camellia\ sinensis\"
37	:	1753909601.792	     0.105	0	59	1	0	./src/run_occurrence_script.sh PV9151961Camelliasinensis\ \"Camelliasinensis\"
38	:	1753909602.491	     0.114	0	59	1	0	./src/run_occurrence_script.sh PV9151961Camelliasinensis\ \"Camellia\ sinensis\"
39	:	1753909603.138	     0.112	0	59	1	0	./src/run_occurrence_script.sh PV9151951Phaseolusvulgaris\ \"Phaseolusvulgaris\"
40	:	1753909603.770	     0.108	0	59	1	0	./src/run_occurrence_script.sh PV9151951Phaseolusvulgaris\ \"Phaseolus\ vulgaris\"
41	:	1753909604.384	     0.108	0	59	1	0	./src/run_occurrence_script.sh PV9364461Fritillariataipaiensis\ \"Fritillariataipaiensis\"
42	:	1753909605.078	     0.115	0	59	1	0	./src/run_occurrence_script.sh PV9364461Fritillariataipaiensis\ \"Fritillaria\ taipaiensis\"
43	:	1753909605.719	     0.108	0	59	1	0	./src/run_occurrence_script.sh PV8823861Phoenixdactylifera\ \"Phoenixdactylifera\"
1	:	1753909623.914	     0.003	0	59	1	0	./src/run_occurrence_script.sh PV8908801Cyanotisnyctitropa\ \"Cyanotisnyctitropa\"
2	:	1753909624.547	     0.068	0	59	1	0	./src/run_occurrence_script.sh PV8908801Cyanotisnyctitropa\ \"Cyanotis\ nyctitropa\"
3	:	1753909625.174	     0.088	0	59	1	0	./src/run_occurrence_script.sh PV9487281Euonymuschloranthoides\ \"Euonymuschloranthoides\"
4	:	1753909625.824	     0.098	0	59	1	0	./src/run_occurrence_script.sh PV9487281Euonymuschloranthoides\ \"Euonymus\ chloranthoides\"
1	:	1753909677.081	     0.003	0	59	1	0	./src/run_occurrence_script.sh PV8908801Cyanotisnyctitropa\ \"Cyanotisnyctitropa\"
2	:	1753909677.712	     0.064	0	59	1	0	./src/run_occurrence_script.sh PV8908801Cyanotisnyctitropa\ \"Cyanotis\ nyctitropa\"
3	:	1753909678.325	     0.088	0	59	1	0	./src/run_occurrence_script.sh PV9487281Euonymuschloranthoides\ \"Euonymuschloranthoides\"
4	:	1753909678.989	     0.100	0	59	1	0	./src/run_occurrence_script.sh PV9487281Euonymuschloranthoides\ \"Euonymus\ chloranthoides\"
5	:	1753909679.636	     0.104	0	59	1	0	./src/run_occurrence_script.sh PV9629301Cardamineleucantha\ \"Cardamineleucantha\"
